Build started 8/21/2015 5:33:34 PM.
     1>Project "C:\Users\xwf32_000\documents\visual studio 2013\Projects\SiftFusion\SiftFusion\SiftFusion.vcxproj" on node 2 (Build target(s)).
     1>ClCompile:
         C:\Program Files (x86)\Microsoft Visual Studio 12.0\VC\bin\CL.exe /c /IE:\openCV\opencv\build\include /ZI /nologo /W3 /WX- /sdl /Od /Oy- /D WIN32 /D _DEBUG /D _CONSOLE /D _LIB /D _UNICODE /D UNICODE /Gm /EHsc /RTC1 /MDd /GS /fp:precise /Zc:wchar_t /Zc:forScope /Fo"Debug\\" /Fd"Debug\vc120.pdb" /Gd /TP /analyze- /errorReport:prompt util.cpp
         util.cpp
     1>c:\users\xwf32_000\documents\visual studio 2013\projects\siftfusion\siftfusion\util.cpp(49): warning C4018: '<' : signed/unsigned mismatch
     1>c:\users\xwf32_000\documents\visual studio 2013\projects\siftfusion\siftfusion\util.cpp(56): warning C4018: '<' : signed/unsigned mismatch
     1>c:\users\xwf32_000\documents\visual studio 2013\projects\siftfusion\siftfusion\util.cpp(66): warning C4018: '<' : signed/unsigned mismatch
     1>c:\users\xwf32_000\documents\visual studio 2013\projects\siftfusion\siftfusion\util.cpp(74): warning C4018: '<' : signed/unsigned mismatch
     1>c:\users\xwf32_000\documents\visual studio 2013\projects\siftfusion\siftfusion\util.cpp(109): warning C4018: '<' : signed/unsigned mismatch
     1>c:\users\xwf32_000\documents\visual studio 2013\projects\siftfusion\siftfusion\util.cpp(117): warning C4018: '<' : signed/unsigned mismatch
     1>c:\users\xwf32_000\documents\visual studio 2013\projects\siftfusion\siftfusion\util.cpp(120): warning C4244: 'argument' : conversion from 'float' to 'int', possible loss of data
     1>c:\users\xwf32_000\documents\visual studio 2013\projects\siftfusion\siftfusion\util.cpp(123): warning C4244: 'argument' : conversion from 'float' to 'int', possible loss of data
     1>c:\users\xwf32_000\documents\visual studio 2013\projects\siftfusion\siftfusion\util.cpp(124): warning C4244: 'argument' : conversion from 'float' to 'int', possible loss of data
     1>c:\users\xwf32_000\documents\visual studio 2013\projects\siftfusion\siftfusion\util.cpp(125): warning C4244: 'argument' : conversion from 'float' to 'int', possible loss of data
     1>c:\users\xwf32_000\documents\visual studio 2013\projects\siftfusion\siftfusion\util.cpp(128): warning C4244: 'argument' : conversion from 'float' to 'int', possible loss of data
     1>c:\users\xwf32_000\documents\visual studio 2013\projects\siftfusion\siftfusion\util.cpp(129): warning C4244: 'argument' : conversion from 'float' to 'int', possible loss of data
     1>c:\users\xwf32_000\documents\visual studio 2013\projects\siftfusion\siftfusion\util.cpp(130): warning C4244: 'argument' : conversion from 'float' to 'int', possible loss of data
     1>c:\users\xwf32_000\documents\visual studio 2013\projects\siftfusion\siftfusion\util.cpp(166): warning C4018: '<' : signed/unsigned mismatch
       Link:
         C:\Program Files (x86)\Microsoft Visual Studio 12.0\VC\bin\link.exe /ERRORREPORT:PROMPT /OUT:"C:\Users\xwf32_000\documents\visual studio 2013\Projects\SiftFusion\Debug\SiftFusion.exe" /INCREMENTAL /NOLOGO /LIBPATH:E:\openCV\opencv\build\x86\vc12\lib opencv_ml2411d.lib opencv_calib3d2411d.lib opencv_contrib2411d.lib opencv_core2411d.lib opencv_features2d2411d.lib opencv_flann2411d.lib opencv_gpu2411d.lib opencv_highgui2411d.lib opencv_imgproc2411d.lib opencv_legacy2411d.lib opencv_objdetect2411d.lib opencv_ts2411d.lib opencv_video2411d.lib opencv_nonfree2411d.lib opencv_ocl2411d.lib opencv_photo2411d.lib opencv_stitching2411d.lib opencv_superres2411d.lib opencv_videostab2411d.lib kernel32.lib user32.lib gdi32.lib winspool.lib comdlg32.lib advapi32.lib shell32.lib ole32.lib oleaut32.lib uuid.lib odbc32.lib odbccp32.lib /MANIFEST /MANIFESTUAC:"level='asInvoker' uiAccess='false'" /manifest:embed /DEBUG /PDB:"C:\Users\xwf32_000\documents\visual studio 2013\Projects\SiftFusion\Debug\SiftFusion.pdb" /SUBSYSTEM:CONSOLE /TLBID:1 /DYNAMICBASE /NXCOMPAT /IMPLIB:"C:\Users\xwf32_000\documents\visual studio 2013\Projects\SiftFusion\Debug\SiftFusion.lib" /MACHINE:X86 Debug\main.obj
         Debug\read_input.obj
         Debug\util.obj
         SiftFusion.vcxproj -> C:\Users\xwf32_000\documents\visual studio 2013\Projects\SiftFusion\Debug\SiftFusion.exe
     1>Done Building Project "C:\Users\xwf32_000\documents\visual studio 2013\Projects\SiftFusion\SiftFusion\SiftFusion.vcxproj" (Build target(s)).

Build succeeded.

Time Elapsed 00:00:02.15
